{"/root/anchor-os/src/components/shared/FeatureErrorBoundary.tsx": {"path":"/root/anchor-os/src/components/shared/FeatureErrorBoundary.tsx","statementMap":{"0":{"start":{"line":26,"column":26},"end":{"line":29,"column":null}},"1":{"start":{"line":43,"column":26},"end":{"line":49,"column":null}},"2":{"start":{"line":51,"column":27},"end":{"line":57,"column":null}},"3":{"start":{"line":32,"column":8},"end":{"line":32,"column":null}},"4":{"start":{"line":37,"column":8},"end":{"line":37,"column":null}},"5":{"start":{"line":38,"column":8},"end":{"line":40,"column":null}},"6":{"start":{"line":39,"column":12},"end":{"line":39,"column":null}},"7":{"start":{"line":45,"column":8},"end":{"line":45,"column":null}},"8":{"start":{"line":48,"column":8},"end":{"line":48,"column":null}},"9":{"start":{"line":52,"column":24},"end":{"line":52,"column":null}},"10":{"start":{"line":53,"column":21},"end":{"line":55,"column":null}},"11":{"start":{"line":56,"column":8},"end":{"line":56,"column":null}},"12":{"start":{"line":60,"column":8},"end":{"line":120,"column":null}},"13":{"start":{"line":62,"column":12},"end":{"line":64,"column":null}},"14":{"start":{"line":63,"column":16},"end":{"line":63,"column":null}},"15":{"start":{"line":67,"column":12},"end":{"line":118,"column":null}},"16":{"start":{"line":122,"column":8},"end":{"line":122,"column":null}}},"fnMap":{"0":{"name":"(anonymous_0)","decl":{"start":{"line":31,"column":18},"end":{"line":31,"column":43}},"loc":{"start":{"line":31,"column":64},"end":{"line":33,"column":null}},"line":31},"1":{"name":"(anonymous_1)","decl":{"start":{"line":35,"column":11},"end":{"line":35,"column":29}},"loc":{"start":{"line":35,"column":65},"end":{"line":41,"column":null}},"line":35},"2":{"name":"(anonymous_2)","decl":{"start":{"line":43,"column":26},"end":{"line":43,"column":32}},"loc":{"start":{"line":43,"column":32},"end":{"line":49,"column":null}},"line":43},"3":{"name":"(anonymous_3)","decl":{"start":{"line":51,"column":27},"end":{"line":51,"column":33}},"loc":{"start":{"line":51,"column":33},"end":{"line":57,"column":null}},"line":51},"4":{"name":"(anonymous_4)","decl":{"start":{"line":59,"column":11},"end":{"line":59,"column":20}},"loc":{"start":{"line":59,"column":20},"end":{"line":123,"column":null}},"line":59}},"branchMap":{"0":{"loc":{"start":{"line":38,"column":8},"end":{"line":40,"column":null}},"type":"if","locations":[{"start":{"line":38,"column":8},"end":{"line":40,"column":null}},{"start":{},"end":{}}],"line":38},"1":{"loc":{"start":{"line":54,"column":54},"end":{"line":54,"column":98}},"type":"binary-expr","locations":[{"start":{"line":54,"column":54},"end":{"line":54,"column":83}},{"start":{"line":54,"column":83},"end":{"line":54,"column":98}}],"line":54},"2":{"loc":{"start":{"line":60,"column":8},"end":{"line":120,"column":null}},"type":"if","locations":[{"start":{"line":60,"column":8},"end":{"line":120,"column":null}},{"start":{},"end":{}}],"line":60},"3":{"loc":{"start":{"line":62,"column":12},"end":{"line":64,"column":null}},"type":"if","locations":[{"start":{"line":62,"column":12},"end":{"line":64,"column":null}},{"start":{},"end":{}}],"line":62},"4":{"loc":{"start":{"line":106,"column":25},"end":{"line":115,"column":null}},"type":"binary-expr","locations":[{"start":{"line":106,"column":25},"end":{"line":106,"column":48}},{"start":{"line":106,"column":48},"end":{"line":106,"column":null}},{"start":{"line":107,"column":28},"end":{"line":115,"column":null}}],"line":106},"5":{"loc":{"start":{"line":113,"column":37},"end":{"line":113,"column":null}},"type":"binary-expr","locations":[{"start":{"line":113,"column":37},"end":{"line":113,"column":63}},{"start":{"line":113,"column":63},"end":{"line":113,"column":null}}],"line":113}},"s":{"0":17,"1":2,"2":1,"3":18,"4":9,"5":9,"6":9,"7":2,"8":2,"9":1,"10":1,"11":1,"12":38,"13":18,"14":2,"15":16,"16":20},"f":{"0":17,"1":9,"2":2,"3":1,"4":38},"b":{"0":[9,0],"1":[1,0],"2":[18,20],"3":[2,16],"4":[16,16,16],"5":[16,16]},"meta":{"lastBranch":6,"lastFunction":5,"lastStatement":17,"seen":{"s:26:26:29:Infinity":0,"s:43:26:49:Infinity":1,"s:51:27:57:Infinity":2,"f:31:18:31:43":0,"s:32:8:32:Infinity":3,"f:35:11:35:29":1,"s:37:8:37:Infinity":4,"b:38:8:40:Infinity:undefined:undefined:undefined:undefined":0,"s:38:8:40:Infinity":5,"s:39:12:39:Infinity":6,"f:43:26:43:32":2,"s:45:8:45:Infinity":7,"s:48:8:48:Infinity":8,"f:51:27:51:33":3,"s:52:24:52:Infinity":9,"s:53:21:55:Infinity":10,"b:54:54:54:83:54:83:54:98":1,"s:56:8:56:Infinity":11,"f:59:11:59:20":4,"b:60:8:120:Infinity:undefined:undefined:undefined:undefined":2,"s:60:8:120:Infinity":12,"b:62:12:64:Infinity:undefined:undefined:undefined:undefined":3,"s:62:12:64:Infinity":13,"s:63:16:63:Infinity":14,"s:67:12:118:Infinity":15,"b:106:25:106:48:106:48:106:Infinity:107:28:115:Infinity":4,"b:113:37:113:63:113:63:113:Infinity":5,"s:122:8:122:Infinity":16}}}
}
